<?xml version="1.0" encoding="UTF-8"?>
<!-- Generated by org.testng.reporters.JUnitXMLReporter -->
<testsuite ignored="2" hostname="Lenovo" failures="0" tests="2" name="Default test" time="3.526" errors="0" timestamp="2023-12-05T19:26:16 IST">
  <testcase classname="testCases.Test1" name="testPost" time="2.605"/>
  <testcase classname="testCases.Test1" name="testPost2" time="0.868"/>
  <testcase classname="testCases.Test1" name="testGetSingleUser" time="0.0">
    <ignored/>
  </testcase> <!-- testGetSingleUser -->
  <testcase classname="testCases.Test1" name="testGet" time="0.0">
    <ignored/>
  </testcase> <!-- testGet -->
</testsuite> <!-- Default test -->
