<?xml version="1.0" encoding="UTF-8"?>
<testng-results ignored="0" total="2" passed="2" failed="0" skipped="0">
  <reporter-output>
  </reporter-output>
  <suite started-at="2023-12-05T19:26:13 IST" name="Default suite" finished-at="2023-12-05T19:26:16 IST" duration-ms="3526">
    <groups>
    </groups>
    <test started-at="2023-12-05T19:26:13 IST" name="Default test" finished-at="2023-12-05T19:26:16 IST" duration-ms="3526">
      <class name="testCases.Test1">
        <test-method signature="testPost()[pri:0, instance:testCases.Test1@245b4bdc]" started-at="2023-12-05T19:26:13 IST" name="testPost" finished-at="2023-12-05T19:26:16 IST" duration-ms="2605" status="PASS">
          <reporter-output>
          </reporter-output>
        </test-method> <!-- testPost -->
        <test-method signature="testPost2()[pri:0, instance:testCases.Test1@245b4bdc]" started-at="2023-12-05T19:26:16 IST" name="testPost2" finished-at="2023-12-05T19:26:16 IST" duration-ms="868" status="PASS">
          <reporter-output>
          </reporter-output>
        </test-method> <!-- testPost2 -->
      </class> <!-- testCases.Test1 -->
    </test> <!-- Default test -->
  </suite> <!-- Default suite -->
</testng-results>
